* Starting client
* Connecting to master process on port 12894
* Analyzing classpath: 
  - D:\CS362\Eclisp Projects\assignment-1\cs362\target\classes
  - C:\Users\ChriL\.m2\repository\junit\junit\4.12\junit-4.12.jar
  - C:\Users\ChriL\.m2\repository\org\hamcrest\hamcrest-core\1.3\hamcrest-core-1.3.jar
* Finished analyzing classpath
* Generating tests for class edu.osu.cs362.Stack
* Test criteria:
  - Line Coverage
  - Branch Coverage
  - Exception
  - Mutation testing (weak)
  - Method-Output Coverage
  - Top-Level Method Coverage
  - No-Exception Top-Level Method Coverage
  - Context Branch Coverage
* Setting up search algorithm for whole suite generation
[MASTER] 21:58:42.410 [pool-2-thread-1] WARN  TestSuiteSerialization - Cannot load tests because file does not exist: D:\CS362\Eclisp Projects\assignment-1\cs362\.evosuite\evosuite-seeds\edu.osu.cs362.Stack.seed
* Total number of test goals: 
  - Line 33
  - Branch 18
  - Exception 0
  - MutationFactory 40
  - Output 14
  - Method 8
  - MethodNoException 8
  - CBranchFitnessFactory 18
* Using seed 1498798721105
* Starting evolution
* Search finished after 67s and 13 generations, 2749 statements, best individual has fitness: 12.25
* Writing sequences to pool
* Minimizing test suite
[MASTER] 21:59:59.720 [pool-2-thread-1] WARN  TestSuiteMinimizer - Minimization timeout. Roll back to original test suite
* Going to analyze the coverage criteria
* Coverage analysis for criterion LINE
* Coverage of criterion LINE: 97%
* Total number of goals: 33
* Number of covered goals: 32
* Coverage analysis for criterion BRANCH
* Coverage of criterion BRANCH: 89%
* Total number of goals: 18
* Number of covered goals: 16
* Coverage analysis for criterion EXCEPTION
* Coverage of criterion EXCEPTION: 100%
* Total number of goals: 3
* Number of covered goals: 3
* Coverage analysis for criterion WEAKMUTATION
* Coverage of criterion WEAKMUTATION: 100%
* Total number of goals: 40
* Number of covered goals: 40
* Coverage analysis for criterion OUTPUT
* Coverage of criterion OUTPUT: 71%
* Total number of goals: 14
* Number of covered goals: 10
* Coverage analysis for criterion METHOD
* Coverage of criterion METHOD: 100%
* Total number of goals: 8
* Number of covered goals: 8
* Coverage analysis for criterion METHODNOEXCEPTION
* Coverage of criterion METHODNOEXCEPTION: 100%
* Total number of goals: 8
* Number of covered goals: 8
* Coverage analysis for criterion CBRANCH
* Coverage of criterion CBRANCH: 83%
* Total number of goals: 18
* Number of covered goals: 15
* Generated 11 tests with total length 103
* Resulting test suite's coverage: 93% (average coverage for all fitness functions)
* Generating assertions
* Resulting test suite's mutation score: 30%
* Compiling and checking tests
* Writing JUnit test case 'Stack_ESTest' to D:\CS362\Eclisp Projects\assignment-1\cs362\.evosuite\tmp_2017_06_29_21_58_39\tests
* Done!

